<?xml version="1.0" encoding="UTF-8"?>
<robot generator="Robot 3.2.2 (Python 3.7.1 on win32)" generated="20200922 16:56:51.707" rpa="false">
<suite id="s1" name="TestSuite1" source="C:\Users\Srikanth\eclipse-workspace\Framework\RobotProject1\test\TestSuite1.robot">
<kw name="Log" library="BuiltIn" type="setup">
<doc>Logs the given message with the given level.</doc>
<arguments>
<arg>I am inside test suite setup</arg>
</arguments>
<msg timestamp="20200922 16:56:51.927" level="INFO">I am inside test suite setup</msg>
<status status="PASS" starttime="20200922 16:56:51.926" endtime="20200922 16:56:51.927"></status>
</kw>
<test id="s1-t1" name="FirstSeleniumTest">
<kw name="Log" library="BuiltIn" type="setup">
<doc>Logs the given message with the given level.</doc>
<arguments>
<arg>I am inside test setup</arg>
</arguments>
<msg timestamp="20200922 16:56:51.928" level="INFO">I am inside test setup</msg>
<status status="PASS" starttime="20200922 16:56:51.928" endtime="20200922 16:56:51.928"></status>
</kw>
<kw name="Open Browser" library="SeleniumLibrary">
<doc>Opens a new browser instance to the optional ``url``.</doc>
<arguments>
<arg>${URL}</arg>
<arg>Chrome</arg>
</arguments>
<msg timestamp="20200922 16:56:51.929" level="INFO">Opening browser 'Chrome' to base url 'https://opensource-demo.orangehrmlive.com/'.</msg>
<status status="PASS" starttime="20200922 16:56:51.929" endtime="20200922 16:57:17.908"></status>
</kw>
<kw name="Maximize Browser Window" library="SeleniumLibrary">
<doc>Maximizes current browser window.</doc>
<status status="PASS" starttime="20200922 16:57:17.913" endtime="20200922 16:57:19.034"></status>
</kw>
<kw name="LoginKW">
<kw name="Input Text" library="SeleniumLibrary">
<doc>Types the given ``text`` into the text field identified by ``locator``.</doc>
<arguments>
<arg>name=txtUsername</arg>
<arg>@{CREDENTIALS}[0]</arg>
</arguments>
<msg timestamp="20200922 16:57:19.036" level="WARN">Accessing variable items using '@{CREDENTIALS}[0]' syntax is deprecated. Use '${CREDENTIALS}[0]' instead.</msg>
<msg timestamp="20200922 16:57:19.037" level="INFO">Typing text 'Admin' into text field 'name=txtUsername'.</msg>
<kw name="Capture Page Screenshot" library="SeleniumLibrary">
<doc>Takes a screenshot of the current page and embeds it into a log file.</doc>
<msg timestamp="20200922 16:57:19.376" level="INFO" html="yes">&lt;/td&gt;&lt;/tr&gt;&lt;tr&gt;&lt;td colspan="3"&gt;&lt;a href="selenium-screenshot-4.png"&gt;&lt;img src="selenium-screenshot-4.png" width="800px"&gt;&lt;/a&gt;</msg>
<status status="PASS" starttime="20200922 16:57:19.061" endtime="20200922 16:57:19.376"></status>
</kw>
<msg timestamp="20200922 16:57:19.379" level="FAIL">Element with locator 'name=txtUsername' not found.</msg>
<status status="FAIL" starttime="20200922 16:57:19.035" endtime="20200922 16:57:19.379"></status>
</kw>
<status status="FAIL" starttime="20200922 16:57:19.035" endtime="20200922 16:57:19.380"></status>
</kw>
<kw name="Log" library="BuiltIn" type="teardown">
<doc>Logs the given message with the given level.</doc>
<arguments>
<arg>I am inside test tear down</arg>
</arguments>
<msg timestamp="20200922 16:57:19.381" level="INFO">I am inside test tear down</msg>
<status status="PASS" starttime="20200922 16:57:19.381" endtime="20200922 16:57:19.381"></status>
</kw>
<tags>
<tag>Regression1</tag>
<tag>smoke</tag>
</tags>
<status status="FAIL" starttime="20200922 16:56:51.927" endtime="20200922 16:57:19.382" critical="yes">Element with locator 'name=txtUsername' not found.</status>
</test>
<kw name="Log" library="BuiltIn" type="teardown">
<doc>Logs the given message with the given level.</doc>
<arguments>
<arg>I am inside test suite tear down</arg>
</arguments>
<msg timestamp="20200922 16:57:19.385" level="INFO">I am inside test suite tear down</msg>
<status status="PASS" starttime="20200922 16:57:19.385" endtime="20200922 16:57:19.385"></status>
</kw>
<status status="FAIL" starttime="20200922 16:56:51.709" endtime="20200922 16:57:19.385"></status>
</suite>
<statistics>
<total>
<stat pass="0" fail="1">Critical Tests</stat>
<stat pass="0" fail="1">All Tests</stat>
</total>
<tag>
<stat pass="0" fail="1">Regression1</stat>
<stat pass="0" fail="1">smoke</stat>
</tag>
<suite>
<stat pass="0" fail="1" id="s1" name="TestSuite1">TestSuite1</stat>
</suite>
</statistics>
<errors>
<msg timestamp="20200922 16:57:19.036" level="WARN">Accessing variable items using '@{CREDENTIALS}[0]' syntax is deprecated. Use '${CREDENTIALS}[0]' instead.</msg>
</errors>
</robot>
